<?xml version="1.0" encoding="UTF-8"?>
<!-- Generated by org.testng.reporters.JUnitReportReporter -->
<testsuite hostname="DESKTOP-I8MJPTA" failures="0" tests="1" name="com.neotech.testcases.LoginTest" time="11.927" errors="0" timestamp="2023-10-19T01:42:48 TRT" skipped="0">
  <testcase classname="com.neotech.testcases.LoginTest" name="validLogin" time="11.927"/>
</testsuite> <!-- com.neotech.testcases.LoginTest -->
